<?xml version="1.0" encoding="UTF-8"?>
<!-- Generated by org.testng.reporters.JUnitReportReporter -->
<testsuite hostname="DESKTOP-MA4UJFN" failures="0" tests="1" name="com.orangehrm.tests.LoginTest" time="12.906" errors="0" timestamp="2025-08-24T20:12:58 IST" skipped="0">
  <testcase classname="com.orangehrm.tests.LoginTest" name="testValidLogin" time="12.906"/>
</testsuite> <!-- com.orangehrm.tests.LoginTest -->
